c:\users\jianghongyi\documents\visual studio 2015\projects\ocrproject\ocrproject\x64\release\vc140.pdb
c:\users\jianghongyi\documents\visual studio 2015\projects\ocrproject\ocrproject\x64\release\ocrprojectdlg.obj
c:\users\jianghongyi\documents\visual studio 2015\projects\ocrproject\ocrproject\x64\release\findlocation.obj
c:\users\jianghongyi\documents\visual studio 2015\projects\ocrproject\ocrproject\x64\release\predeal.obj
c:\users\jianghongyi\documents\visual studio 2015\projects\ocrproject\ocrproject\x64\release\ocrproject.obj
c:\users\jianghongyi\documents\visual studio 2015\projects\ocrproject\ocrproject\x64\release\findwordarea.obj
c:\users\jianghongyi\documents\visual studio 2015\projects\ocrproject\ocrproject\x64\release\ocrproject.pch
c:\users\jianghongyi\documents\visual studio 2015\projects\ocrproject\ocrproject\x64\release\stdafx.obj
c:\users\jianghongyi\documents\visual studio 2015\projects\ocrproject\ocrproject\x64\release\chooselanguage.obj
c:\users\jianghongyi\documents\visual studio 2015\projects\ocrproject\x64\release\ocrproject.exe
c:\users\jianghongyi\documents\visual studio 2015\projects\ocrproject\x64\release\ocrproject.ipdb
c:\users\jianghongyi\documents\visual studio 2015\projects\ocrproject\x64\release\ocrproject.iobj
c:\users\jianghongyi\documents\visual studio 2015\projects\ocrproject\x64\release\ocrproject.pdb
c:\users\jianghongyi\documents\visual studio 2015\projects\ocrproject\ocrproject\x64\release\ocrproject.res
c:\users\jianghongyi\documents\visual studio 2015\projects\ocrproject\ocrproject\x64\release\ocrproject.tlog\cl.command.1.tlog
c:\users\jianghongyi\documents\visual studio 2015\projects\ocrproject\ocrproject\x64\release\ocrproject.tlog\cl.read.1.tlog
c:\users\jianghongyi\documents\visual studio 2015\projects\ocrproject\ocrproject\x64\release\ocrproject.tlog\cl.write.1.tlog
c:\users\jianghongyi\documents\visual studio 2015\projects\ocrproject\ocrproject\x64\release\ocrproject.tlog\link.command.1.tlog
c:\users\jianghongyi\documents\visual studio 2015\projects\ocrproject\ocrproject\x64\release\ocrproject.tlog\link.read.1.tlog
c:\users\jianghongyi\documents\visual studio 2015\projects\ocrproject\ocrproject\x64\release\ocrproject.tlog\link.write.1.tlog
c:\users\jianghongyi\documents\visual studio 2015\projects\ocrproject\ocrproject\x64\release\ocrproject.tlog\rc.command.1.tlog
c:\users\jianghongyi\documents\visual studio 2015\projects\ocrproject\ocrproject\x64\release\ocrproject.tlog\rc.read.1.tlog
c:\users\jianghongyi\documents\visual studio 2015\projects\ocrproject\ocrproject\x64\release\ocrproject.tlog\rc.write.1.tlog
