  ChooseLanguage.cpp
  OCRProject.cpp
C:\someSoftware\openCV3.2_ex\Release_x64\include\opencv2/core/mat.hpp(2586): warning C4819: The file contains a character that cannot be represented in the current code page (936). Save the file in Unicode format to prevent data loss
C:\someSoftware\openCV3.2_ex\Release_x64\include\opencv2/core/persistence.hpp : warning C4819: The file contains a character that cannot be represented in the current code page (936). Save the file in Unicode format to prevent data loss
C:\someSoftware\openCV3.2_ex\Release_x64\include\opencv2/core/utility.hpp : warning C4819: The file contains a character that cannot be represented in the current code page (936). Save the file in Unicode format to prevent data loss
C:\someSoftware\openCV3.2_ex\Release_x64\include\opencv2/core/utility.hpp : warning C4819: The file contains a character that cannot be represented in the current code page (936). Save the file in Unicode format to prevent data loss
C:\someSoftware\openCV3.2_ex\Release_x64\include\opencv2/imgproc.hpp(592): warning C4819: The file contains a character that cannot be represented in the current code page (936). Save the file in Unicode format to prevent data loss
C:\someSoftware\openCV3.2_ex\Release_x64\include\opencv2/text/erfilter.hpp : warning C4819: The file contains a character that cannot be represented in the current code page (936). Save the file in Unicode format to prevent data loss
  OCRProjectDlg.cpp
C:\someSoftware\openCV3.2_ex\Release_x64\include\opencv2/core/mat.hpp(2586): warning C4819: The file contains a character that cannot be represented in the current code page (936). Save the file in Unicode format to prevent data loss
C:\someSoftware\openCV3.2_ex\Release_x64\include\opencv2/core/persistence.hpp : warning C4819: The file contains a character that cannot be represented in the current code page (936). Save the file in Unicode format to prevent data loss
C:\someSoftware\openCV3.2_ex\Release_x64\include\opencv2/core/utility.hpp : warning C4819: The file contains a character that cannot be represented in the current code page (936). Save the file in Unicode format to prevent data loss
C:\someSoftware\openCV3.2_ex\Release_x64\include\opencv2/core/utility.hpp : warning C4819: The file contains a character that cannot be represented in the current code page (936). Save the file in Unicode format to prevent data loss
C:\someSoftware\openCV3.2_ex\Release_x64\include\opencv2/imgproc.hpp(592): warning C4819: The file contains a character that cannot be represented in the current code page (936). Save the file in Unicode format to prevent data loss
C:\someSoftware\openCV3.2_ex\Release_x64\include\opencv2/text/erfilter.hpp : warning C4819: The file contains a character that cannot be represented in the current code page (936). Save the file in Unicode format to prevent data loss
OCRProjectDlg.cpp(158): warning C4267: 'argument': conversion from 'size_t' to 'int', possible loss of data
OCRProjectDlg.cpp(164): warning C4267: 'argument': conversion from 'size_t' to 'int', possible loss of data
OCRProjectDlg.cpp(306): warning C4267: 'argument': conversion from 'size_t' to 'UINT', possible loss of data
OCRProjectDlg.cpp(437): warning C4101: 'height': unreferenced local variable
OCRProjectDlg.cpp(437): warning C4101: 'width': unreferenced local variable
  PreDeal.cpp
C:\someSoftware\openCV3.2_ex\Release_x64\include\opencv2/core/mat.hpp(2586): warning C4819: The file contains a character that cannot be represented in the current code page (936). Save the file in Unicode format to prevent data loss
C:\someSoftware\openCV3.2_ex\Release_x64\include\opencv2/core/persistence.hpp : warning C4819: The file contains a character that cannot be represented in the current code page (936). Save the file in Unicode format to prevent data loss
C:\someSoftware\openCV3.2_ex\Release_x64\include\opencv2/core/utility.hpp : warning C4819: The file contains a character that cannot be represented in the current code page (936). Save the file in Unicode format to prevent data loss
C:\someSoftware\openCV3.2_ex\Release_x64\include\opencv2/core/utility.hpp : warning C4819: The file contains a character that cannot be represented in the current code page (936). Save the file in Unicode format to prevent data loss
C:\someSoftware\openCV3.2_ex\Release_x64\include\opencv2/imgproc.hpp(592): warning C4819: The file contains a character that cannot be represented in the current code page (936). Save the file in Unicode format to prevent data loss
C:\someSoftware\openCV3.2_ex\Release_x64\include\opencv2/text/erfilter.hpp : warning C4819: The file contains a character that cannot be represented in the current code page (936). Save the file in Unicode format to prevent data loss
  Generating code
  84 of 3269 functions ( 2.6%) were compiled, the rest were copied from previous compilation.
    0 functions were new in current compilation
    6 functions had inline decision re-evaluated but remain unchanged
  Finished generating code
  OCRProject.vcxproj -> C:\Users\jianghongyi\documents\visual studio 2015\Projects\ocrProject\x64\Release\OCRProject.exe
  OCRProject.vcxproj -> C:\Users\jianghongyi\documents\visual studio 2015\Projects\ocrProject\x64\Release\OCRProject.pdb (Full PDB)
